mode: set
github.com/kpitt/sudoku2/internal/cmd/check.go:12.47,13.21 1 1
github.com/kpitt/sudoku2/internal/cmd/check.go:13.21,16.4 2 1
github.com/kpitt/sudoku2/internal/cmd/check.go:17.3,18.57 2 1
github.com/kpitt/sudoku2/internal/cmd/check.go:23.13,25.2 1 1
github.com/kpitt/sudoku2/internal/cmd/root.go:15.47,17.3 1 0
github.com/kpitt/sudoku2/internal/cmd/root.go:20.16,21.42 1 1
github.com/kpitt/sudoku2/internal/cmd/root.go:21.42,24.3 2 0
github.com/kpitt/sudoku2/internal/cmd/solve.go:12.47,13.21 1 1
github.com/kpitt/sudoku2/internal/cmd/solve.go:13.21,16.4 2 1
github.com/kpitt/sudoku2/internal/cmd/solve.go:17.3,18.57 2 1
github.com/kpitt/sudoku2/internal/cmd/solve.go:23.13,25.2 1 1
