mode: set
github.com/kpitt/sudoku2/internal/solver/board.go:12.46,13.22 1 1
github.com/kpitt/sudoku2/internal/solver/board.go:13.22,15.3 1 1
github.com/kpitt/sudoku2/internal/solver/board.go:17.2,18.29 2 1
github.com/kpitt/sudoku2/internal/solver/board.go:18.29,19.31 1 1
github.com/kpitt/sudoku2/internal/solver/board.go:19.31,21.4 1 1
github.com/kpitt/sudoku2/internal/solver/board.go:22.3,23.24 2 1
github.com/kpitt/sudoku2/internal/solver/board.go:26.2,26.19 1 1
github.com/kpitt/sudoku2/internal/solver/board.go:31.32,33.25 1 1
github.com/kpitt/sudoku2/internal/solver/board.go:33.25,34.33 1 1
github.com/kpitt/sudoku2/internal/solver/board.go:34.33,36.4 1 1
github.com/kpitt/sudoku2/internal/solver/board.go:40.2,40.25 1 1
github.com/kpitt/sudoku2/internal/solver/board.go:40.25,41.33 1 1
github.com/kpitt/sudoku2/internal/solver/board.go:41.33,43.4 1 1
github.com/kpitt/sudoku2/internal/solver/board.go:47.2,47.28 1 1
github.com/kpitt/sudoku2/internal/solver/board.go:47.28,48.29 1 1
github.com/kpitt/sudoku2/internal/solver/board.go:48.29,49.37 1 1
github.com/kpitt/sudoku2/internal/solver/board.go:49.37,51.5 1 1
github.com/kpitt/sudoku2/internal/solver/board.go:55.2,55.13 1 1
github.com/kpitt/sudoku2/internal/solver/board.go:59.33,60.18 1 1
github.com/kpitt/sudoku2/internal/solver/board.go:60.18,62.3 1 0
github.com/kpitt/sudoku2/internal/solver/board.go:63.2,63.25 1 1
github.com/kpitt/sudoku2/internal/solver/board.go:63.25,64.26 1 1
github.com/kpitt/sudoku2/internal/solver/board.go:64.26,65.20 1 1
github.com/kpitt/sudoku2/internal/solver/board.go:65.20,67.5 1 1
github.com/kpitt/sudoku2/internal/solver/board.go:70.2,70.13 1 1
github.com/kpitt/sudoku2/internal/solver/board.go:76.42,78.18 1 1
github.com/kpitt/sudoku2/internal/solver/board.go:78.18,80.3 1 1
github.com/kpitt/sudoku2/internal/solver/board.go:81.2,81.22 1 1
github.com/kpitt/sudoku2/internal/solver/board.go:86.39,87.18 1 1
github.com/kpitt/sudoku2/internal/solver/board.go:87.18,89.3 1 0
github.com/kpitt/sudoku2/internal/solver/board.go:91.2,91.6 1 1
github.com/kpitt/sudoku2/internal/solver/board.go:91.6,95.28 2 1
github.com/kpitt/sudoku2/internal/solver/board.go:95.28,97.4 1 1
github.com/kpitt/sudoku2/internal/solver/board.go:100.3,100.29 1 1
github.com/kpitt/sudoku2/internal/solver/board.go:100.29,102.4 1 1
github.com/kpitt/sudoku2/internal/solver/board.go:104.3,104.15 1 1
github.com/kpitt/sudoku2/internal/solver/board.go:104.15,105.9 1 0
github.com/kpitt/sudoku2/internal/solver/board.go:108.3,108.19 1 1
github.com/kpitt/sudoku2/internal/solver/board.go:108.19,110.4 1 1
github.com/kpitt/sudoku2/internal/solver/board.go:113.2,113.21 1 0
github.com/kpitt/sudoku2/internal/solver/board.go:117.52,118.22 1 1
github.com/kpitt/sudoku2/internal/solver/board.go:118.22,120.3 1 0
github.com/kpitt/sudoku2/internal/solver/board.go:122.2,123.32 2 1
github.com/kpitt/sudoku2/internal/solver/board.go:123.32,124.30 1 1
github.com/kpitt/sudoku2/internal/solver/board.go:124.30,126.4 1 1
github.com/kpitt/sudoku2/internal/solver/board.go:128.2,128.17 1 1
github.com/kpitt/sudoku2/internal/solver/board.go:132.42,134.25 2 1
github.com/kpitt/sudoku2/internal/solver/board.go:134.25,135.26 1 1
github.com/kpitt/sudoku2/internal/solver/board.go:135.26,136.20 1 1
github.com/kpitt/sudoku2/internal/solver/board.go:136.20,138.20 2 1
github.com/kpitt/sudoku2/internal/solver/board.go:138.20,141.6 2 1
github.com/kpitt/sudoku2/internal/solver/board.go:145.2,145.16 1 1
github.com/kpitt/sudoku2/internal/solver/board.go:149.43,153.25 2 1
github.com/kpitt/sudoku2/internal/solver/board.go:153.25,154.33 1 1
github.com/kpitt/sudoku2/internal/solver/board.go:154.33,157.27 3 1
github.com/kpitt/sudoku2/internal/solver/board.go:157.27,158.44 1 1
github.com/kpitt/sudoku2/internal/solver/board.go:158.44,161.6 2 1
github.com/kpitt/sudoku2/internal/solver/board.go:163.4,163.18 1 1
github.com/kpitt/sudoku2/internal/solver/board.go:163.18,166.5 2 1
github.com/kpitt/sudoku2/internal/solver/board.go:171.2,171.25 1 1
github.com/kpitt/sudoku2/internal/solver/board.go:171.25,172.33 1 1
github.com/kpitt/sudoku2/internal/solver/board.go:172.33,175.27 3 1
github.com/kpitt/sudoku2/internal/solver/board.go:175.27,176.44 1 1
github.com/kpitt/sudoku2/internal/solver/board.go:176.44,179.6 2 1
github.com/kpitt/sudoku2/internal/solver/board.go:181.4,181.18 1 1
github.com/kpitt/sudoku2/internal/solver/board.go:181.18,184.5 2 1
github.com/kpitt/sudoku2/internal/solver/board.go:189.2,189.43 1 1
github.com/kpitt/sudoku2/internal/solver/board.go:189.43,190.44 1 1
github.com/kpitt/sudoku2/internal/solver/board.go:190.44,191.34 1 1
github.com/kpitt/sudoku2/internal/solver/board.go:191.34,194.40 3 1
github.com/kpitt/sudoku2/internal/solver/board.go:194.40,195.41 1 1
github.com/kpitt/sudoku2/internal/solver/board.go:195.41,196.46 1 1
github.com/kpitt/sudoku2/internal/solver/board.go:196.46,199.8 2 1
github.com/kpitt/sudoku2/internal/solver/board.go:202.5,202.19 1 1
github.com/kpitt/sudoku2/internal/solver/board.go:202.19,205.6 2 1
github.com/kpitt/sudoku2/internal/solver/board.go:210.2,210.16 1 1
github.com/kpitt/sudoku2/internal/solver/board.go:213.34,215.12 2 1
github.com/kpitt/sudoku2/internal/solver/board.go:215.12,217.3 1 1
github.com/kpitt/sudoku2/internal/solver/board.go:219.2,219.32 1 1
github.com/kpitt/sudoku2/internal/solver/board.go:219.32,220.30 1 1
github.com/kpitt/sudoku2/internal/solver/board.go:220.30,222.21 2 1
github.com/kpitt/sudoku2/internal/solver/board.go:222.21,224.5 1 1
github.com/kpitt/sudoku2/internal/solver/board.go:225.4,225.19 1 1
github.com/kpitt/sudoku2/internal/solver/board.go:229.2,229.14 1 1
github.com/kpitt/sudoku2/internal/solver/board.go:232.50,233.25 1 1
github.com/kpitt/sudoku2/internal/solver/board.go:233.25,234.26 1 1
github.com/kpitt/sudoku2/internal/solver/board.go:234.26,235.20 1 1
github.com/kpitt/sudoku2/internal/solver/board.go:235.20,237.5 1 1
github.com/kpitt/sudoku2/internal/solver/board.go:240.2,240.20 1 1
github.com/kpitt/sudoku2/internal/solver/board.go:243.48,245.25 1 1
github.com/kpitt/sudoku2/internal/solver/board.go:245.25,246.23 1 1
github.com/kpitt/sudoku2/internal/solver/board.go:246.23,248.4 1 1
github.com/kpitt/sudoku2/internal/solver/board.go:252.2,252.25 1 1
github.com/kpitt/sudoku2/internal/solver/board.go:252.25,253.23 1 1
github.com/kpitt/sudoku2/internal/solver/board.go:253.23,255.4 1 1
github.com/kpitt/sudoku2/internal/solver/board.go:259.2,260.41 2 1
github.com/kpitt/sudoku2/internal/solver/board.go:260.41,261.42 1 1
github.com/kpitt/sudoku2/internal/solver/board.go:261.42,262.22 1 1
github.com/kpitt/sudoku2/internal/solver/board.go:262.22,264.5 1 1
github.com/kpitt/sudoku2/internal/solver/board.go:268.2,268.13 1 1
github.com/kpitt/sudoku2/internal/solver/board.go:271.37,273.2 1 1
github.com/kpitt/sudoku2/internal/solver/board.go:275.37,277.25 2 1
github.com/kpitt/sudoku2/internal/solver/board.go:277.25,279.3 1 1
github.com/kpitt/sudoku2/internal/solver/board.go:280.2,280.12 1 1
github.com/kpitt/sudoku2/internal/solver/board.go:283.54,285.41 2 1
github.com/kpitt/sudoku2/internal/solver/board.go:285.41,286.42 1 1
github.com/kpitt/sudoku2/internal/solver/board.go:286.42,288.4 1 1
github.com/kpitt/sudoku2/internal/solver/board.go:290.2,290.12 1 1
github.com/kpitt/sudoku2/internal/solver/board.go:293.37,295.25 2 1
github.com/kpitt/sudoku2/internal/solver/board.go:295.25,296.13 1 1
github.com/kpitt/sudoku2/internal/solver/board.go:296.13,297.12 1 1
github.com/kpitt/sudoku2/internal/solver/board.go:299.3,299.14 1 1
github.com/kpitt/sudoku2/internal/solver/board.go:299.14,301.4 1 1
github.com/kpitt/sudoku2/internal/solver/board.go:302.3,302.17 1 1
github.com/kpitt/sudoku2/internal/solver/board.go:304.2,304.14 1 1
github.com/kpitt/sudoku2/internal/solver/board.go:308.33,310.25 2 0
github.com/kpitt/sudoku2/internal/solver/board.go:310.25,311.24 1 0
github.com/kpitt/sudoku2/internal/solver/board.go:311.24,313.4 1 0
github.com/kpitt/sudoku2/internal/solver/board.go:314.3,314.26 1 0
github.com/kpitt/sudoku2/internal/solver/board.go:314.26,315.25 1 0
github.com/kpitt/sudoku2/internal/solver/board.go:315.25,317.5 1 0
github.com/kpitt/sudoku2/internal/solver/board.go:318.4,318.20 1 0
github.com/kpitt/sudoku2/internal/solver/board.go:318.20,320.5 1 0
github.com/kpitt/sudoku2/internal/solver/board.go:320.10,322.5 1 0
github.com/kpitt/sudoku2/internal/solver/board.go:324.3,324.14 1 0
github.com/kpitt/sudoku2/internal/solver/board.go:326.2,326.12 1 0
