mode: set
github.com/kpitt/sudoku2/cmd/sudoku/main.go:5.13,7.2 1 0
github.com/kpitt/sudoku2/internal/cmd/check.go:13.47,16.17 3 1
github.com/kpitt/sudoku2/internal/cmd/check.go:16.17,19.4 2 0
github.com/kpitt/sudoku2/internal/cmd/check.go:21.3,21.23 1 1
github.com/kpitt/sudoku2/internal/cmd/check.go:21.23,24.4 2 0
github.com/kpitt/sudoku2/internal/cmd/check.go:26.3,26.32 1 1
github.com/kpitt/sudoku2/internal/cmd/check.go:26.32,29.4 1 1
github.com/kpitt/sudoku2/internal/cmd/check.go:29.9,31.4 1 0
github.com/kpitt/sudoku2/internal/cmd/check.go:35.13,37.2 1 1
github.com/kpitt/sudoku2/internal/cmd/convert.go:15.47,18.17 3 1
github.com/kpitt/sudoku2/internal/cmd/convert.go:18.17,21.4 2 0
github.com/kpitt/sudoku2/internal/cmd/convert.go:23.3,23.17 1 1
github.com/kpitt/sudoku2/internal/cmd/convert.go:24.17,25.31 1 1
github.com/kpitt/sudoku2/internal/cmd/convert.go:26.14,27.34 1 1
github.com/kpitt/sudoku2/internal/cmd/convert.go:28.11,29.70 1 0
github.com/kpitt/sudoku2/internal/cmd/convert.go:34.13,37.2 2 1
github.com/kpitt/sudoku2/internal/cmd/hint.go:13.47,16.17 3 1
github.com/kpitt/sudoku2/internal/cmd/hint.go:16.17,19.4 2 0
github.com/kpitt/sudoku2/internal/cmd/hint.go:21.3,22.17 2 1
github.com/kpitt/sudoku2/internal/cmd/hint.go:22.17,25.4 2 0
github.com/kpitt/sudoku2/internal/cmd/hint.go:27.3,27.41 1 1
github.com/kpitt/sudoku2/internal/cmd/hint.go:31.13,33.2 1 1
github.com/kpitt/sudoku2/internal/cmd/root.go:15.47,17.3 1 0
github.com/kpitt/sudoku2/internal/cmd/root.go:20.16,21.42 1 1
github.com/kpitt/sudoku2/internal/cmd/root.go:21.42,24.3 2 0
github.com/kpitt/sudoku2/internal/cmd/solve.go:13.47,16.17 3 1
github.com/kpitt/sudoku2/internal/cmd/solve.go:16.17,19.4 2 0
github.com/kpitt/sudoku2/internal/cmd/solve.go:21.3,24.29 3 1
github.com/kpitt/sudoku2/internal/cmd/solve.go:24.29,27.4 2 1
github.com/kpitt/sudoku2/internal/cmd/solve.go:27.9,31.4 3 0
github.com/kpitt/sudoku2/internal/cmd/solve.go:35.13,37.2 1 1
github.com/kpitt/sudoku2/internal/solver/board.go:12.46,13.22 1 1
github.com/kpitt/sudoku2/internal/solver/board.go:13.22,15.3 1 1
github.com/kpitt/sudoku2/internal/solver/board.go:17.2,18.29 2 1
github.com/kpitt/sudoku2/internal/solver/board.go:18.29,19.31 1 1
github.com/kpitt/sudoku2/internal/solver/board.go:19.31,21.4 1 1
github.com/kpitt/sudoku2/internal/solver/board.go:22.3,23.24 2 1
github.com/kpitt/sudoku2/internal/solver/board.go:26.2,26.19 1 1
github.com/kpitt/sudoku2/internal/solver/board.go:31.32,33.25 1 1
github.com/kpitt/sudoku2/internal/solver/board.go:33.25,34.33 1 1
github.com/kpitt/sudoku2/internal/solver/board.go:34.33,36.4 1 1
github.com/kpitt/sudoku2/internal/solver/board.go:40.2,40.25 1 1
github.com/kpitt/sudoku2/internal/solver/board.go:40.25,41.33 1 1
github.com/kpitt/sudoku2/internal/solver/board.go:41.33,43.4 1 1
github.com/kpitt/sudoku2/internal/solver/board.go:47.2,47.28 1 1
github.com/kpitt/sudoku2/internal/solver/board.go:47.28,48.29 1 1
github.com/kpitt/sudoku2/internal/solver/board.go:48.29,49.37 1 1
github.com/kpitt/sudoku2/internal/solver/board.go:49.37,51.5 1 1
github.com/kpitt/sudoku2/internal/solver/board.go:55.2,55.13 1 1
github.com/kpitt/sudoku2/internal/solver/board.go:59.33,60.18 1 1
github.com/kpitt/sudoku2/internal/solver/board.go:60.18,62.3 1 0
github.com/kpitt/sudoku2/internal/solver/board.go:63.2,63.25 1 1
github.com/kpitt/sudoku2/internal/solver/board.go:63.25,64.26 1 1
github.com/kpitt/sudoku2/internal/solver/board.go:64.26,65.20 1 1
github.com/kpitt/sudoku2/internal/solver/board.go:65.20,67.5 1 1
github.com/kpitt/sudoku2/internal/solver/board.go:70.2,70.13 1 1
github.com/kpitt/sudoku2/internal/solver/board.go:76.42,78.18 1 1
github.com/kpitt/sudoku2/internal/solver/board.go:78.18,80.3 1 1
github.com/kpitt/sudoku2/internal/solver/board.go:81.2,81.22 1 1
github.com/kpitt/sudoku2/internal/solver/board.go:86.39,87.18 1 1
github.com/kpitt/sudoku2/internal/solver/board.go:87.18,89.3 1 0
github.com/kpitt/sudoku2/internal/solver/board.go:91.2,91.6 1 1
github.com/kpitt/sudoku2/internal/solver/board.go:91.6,95.28 2 1
github.com/kpitt/sudoku2/internal/solver/board.go:95.28,97.4 1 1
github.com/kpitt/sudoku2/internal/solver/board.go:100.3,100.29 1 1
github.com/kpitt/sudoku2/internal/solver/board.go:100.29,102.4 1 1
github.com/kpitt/sudoku2/internal/solver/board.go:104.3,104.15 1 1
github.com/kpitt/sudoku2/internal/solver/board.go:104.15,105.9 1 0
github.com/kpitt/sudoku2/internal/solver/board.go:108.3,108.19 1 1
github.com/kpitt/sudoku2/internal/solver/board.go:108.19,110.4 1 1
github.com/kpitt/sudoku2/internal/solver/board.go:113.2,113.21 1 0
github.com/kpitt/sudoku2/internal/solver/board.go:117.52,118.22 1 1
github.com/kpitt/sudoku2/internal/solver/board.go:118.22,120.3 1 0
github.com/kpitt/sudoku2/internal/solver/board.go:122.2,123.32 2 1
github.com/kpitt/sudoku2/internal/solver/board.go:123.32,124.30 1 1
github.com/kpitt/sudoku2/internal/solver/board.go:124.30,126.4 1 1
github.com/kpitt/sudoku2/internal/solver/board.go:128.2,128.17 1 1
github.com/kpitt/sudoku2/internal/solver/board.go:141.42,142.18 1 0
github.com/kpitt/sudoku2/internal/solver/board.go:142.18,144.3 1 0
github.com/kpitt/sudoku2/internal/solver/board.go:147.2,147.25 1 0
github.com/kpitt/sudoku2/internal/solver/board.go:147.25,148.26 1 0
github.com/kpitt/sudoku2/internal/solver/board.go:148.26,149.20 1 0
github.com/kpitt/sudoku2/internal/solver/board.go:149.20,151.20 2 0
github.com/kpitt/sudoku2/internal/solver/board.go:151.20,158.6 1 0
github.com/kpitt/sudoku2/internal/solver/board.go:164.2,164.25 1 0
github.com/kpitt/sudoku2/internal/solver/board.go:164.25,165.33 1 0
github.com/kpitt/sudoku2/internal/solver/board.go:165.33,168.27 3 0
github.com/kpitt/sudoku2/internal/solver/board.go:168.27,169.44 1 0
github.com/kpitt/sudoku2/internal/solver/board.go:169.44,172.6 2 0
github.com/kpitt/sudoku2/internal/solver/board.go:174.4,174.18 1 0
github.com/kpitt/sudoku2/internal/solver/board.go:174.18,181.5 1 0
github.com/kpitt/sudoku2/internal/solver/board.go:187.2,187.59 1 0
github.com/kpitt/sudoku2/internal/solver/board.go:190.42,192.25 2 1
github.com/kpitt/sudoku2/internal/solver/board.go:192.25,193.26 1 1
github.com/kpitt/sudoku2/internal/solver/board.go:193.26,194.20 1 1
github.com/kpitt/sudoku2/internal/solver/board.go:194.20,196.20 2 1
github.com/kpitt/sudoku2/internal/solver/board.go:196.20,199.6 2 1
github.com/kpitt/sudoku2/internal/solver/board.go:203.2,203.16 1 1
github.com/kpitt/sudoku2/internal/solver/board.go:207.43,211.25 2 1
github.com/kpitt/sudoku2/internal/solver/board.go:211.25,212.33 1 1
github.com/kpitt/sudoku2/internal/solver/board.go:212.33,215.27 3 1
github.com/kpitt/sudoku2/internal/solver/board.go:215.27,216.44 1 1
github.com/kpitt/sudoku2/internal/solver/board.go:216.44,219.6 2 1
github.com/kpitt/sudoku2/internal/solver/board.go:221.4,221.18 1 1
github.com/kpitt/sudoku2/internal/solver/board.go:221.18,224.5 2 1
github.com/kpitt/sudoku2/internal/solver/board.go:229.2,229.25 1 1
github.com/kpitt/sudoku2/internal/solver/board.go:229.25,230.33 1 1
github.com/kpitt/sudoku2/internal/solver/board.go:230.33,233.27 3 1
github.com/kpitt/sudoku2/internal/solver/board.go:233.27,234.44 1 1
github.com/kpitt/sudoku2/internal/solver/board.go:234.44,237.6 2 1
github.com/kpitt/sudoku2/internal/solver/board.go:239.4,239.18 1 1
github.com/kpitt/sudoku2/internal/solver/board.go:239.18,242.5 2 1
github.com/kpitt/sudoku2/internal/solver/board.go:247.2,247.43 1 1
github.com/kpitt/sudoku2/internal/solver/board.go:247.43,248.44 1 1
github.com/kpitt/sudoku2/internal/solver/board.go:248.44,249.34 1 1
github.com/kpitt/sudoku2/internal/solver/board.go:249.34,252.40 3 1
github.com/kpitt/sudoku2/internal/solver/board.go:252.40,253.41 1 1
github.com/kpitt/sudoku2/internal/solver/board.go:253.41,254.46 1 1
github.com/kpitt/sudoku2/internal/solver/board.go:254.46,257.8 2 1
github.com/kpitt/sudoku2/internal/solver/board.go:260.5,260.19 1 1
github.com/kpitt/sudoku2/internal/solver/board.go:260.19,263.6 2 1
github.com/kpitt/sudoku2/internal/solver/board.go:268.2,268.16 1 1
github.com/kpitt/sudoku2/internal/solver/board.go:271.34,273.12 2 1
github.com/kpitt/sudoku2/internal/solver/board.go:273.12,275.3 1 1
github.com/kpitt/sudoku2/internal/solver/board.go:277.2,277.32 1 1
github.com/kpitt/sudoku2/internal/solver/board.go:277.32,278.30 1 1
github.com/kpitt/sudoku2/internal/solver/board.go:278.30,280.21 2 1
github.com/kpitt/sudoku2/internal/solver/board.go:280.21,282.5 1 1
github.com/kpitt/sudoku2/internal/solver/board.go:283.4,283.19 1 1
github.com/kpitt/sudoku2/internal/solver/board.go:287.2,287.14 1 1
github.com/kpitt/sudoku2/internal/solver/board.go:290.50,291.25 1 1
github.com/kpitt/sudoku2/internal/solver/board.go:291.25,292.26 1 1
github.com/kpitt/sudoku2/internal/solver/board.go:292.26,293.20 1 1
github.com/kpitt/sudoku2/internal/solver/board.go:293.20,295.5 1 1
github.com/kpitt/sudoku2/internal/solver/board.go:298.2,298.20 1 1
github.com/kpitt/sudoku2/internal/solver/board.go:301.48,303.25 1 1
github.com/kpitt/sudoku2/internal/solver/board.go:303.25,304.23 1 1
github.com/kpitt/sudoku2/internal/solver/board.go:304.23,306.4 1 1
github.com/kpitt/sudoku2/internal/solver/board.go:310.2,310.25 1 1
github.com/kpitt/sudoku2/internal/solver/board.go:310.25,311.23 1 1
github.com/kpitt/sudoku2/internal/solver/board.go:311.23,313.4 1 1
github.com/kpitt/sudoku2/internal/solver/board.go:317.2,318.41 2 1
github.com/kpitt/sudoku2/internal/solver/board.go:318.41,319.42 1 1
github.com/kpitt/sudoku2/internal/solver/board.go:319.42,320.22 1 1
github.com/kpitt/sudoku2/internal/solver/board.go:320.22,322.5 1 1
github.com/kpitt/sudoku2/internal/solver/board.go:326.2,326.13 1 1
github.com/kpitt/sudoku2/internal/solver/board.go:329.37,331.2 1 1
github.com/kpitt/sudoku2/internal/solver/board.go:333.37,335.25 2 1
github.com/kpitt/sudoku2/internal/solver/board.go:335.25,337.3 1 1
github.com/kpitt/sudoku2/internal/solver/board.go:338.2,338.12 1 1
github.com/kpitt/sudoku2/internal/solver/board.go:341.54,343.41 2 1
github.com/kpitt/sudoku2/internal/solver/board.go:343.41,344.42 1 1
github.com/kpitt/sudoku2/internal/solver/board.go:344.42,346.4 1 1
github.com/kpitt/sudoku2/internal/solver/board.go:348.2,348.12 1 1
github.com/kpitt/sudoku2/internal/solver/board.go:351.37,353.25 2 1
github.com/kpitt/sudoku2/internal/solver/board.go:353.25,354.13 1 1
github.com/kpitt/sudoku2/internal/solver/board.go:354.13,355.12 1 1
github.com/kpitt/sudoku2/internal/solver/board.go:357.3,357.14 1 1
github.com/kpitt/sudoku2/internal/solver/board.go:357.14,359.4 1 1
github.com/kpitt/sudoku2/internal/solver/board.go:360.3,360.17 1 1
github.com/kpitt/sudoku2/internal/solver/board.go:362.2,362.14 1 1
github.com/kpitt/sudoku2/internal/solver/board.go:366.36,368.25 2 0
github.com/kpitt/sudoku2/internal/solver/board.go:368.25,369.26 1 0
github.com/kpitt/sudoku2/internal/solver/board.go:369.26,371.4 1 0
github.com/kpitt/sudoku2/internal/solver/board.go:373.2,373.12 1 0
github.com/kpitt/sudoku2/internal/solver/board.go:377.33,379.25 2 0
github.com/kpitt/sudoku2/internal/solver/board.go:379.25,380.24 1 0
github.com/kpitt/sudoku2/internal/solver/board.go:380.24,382.4 1 0
github.com/kpitt/sudoku2/internal/solver/board.go:383.3,383.26 1 0
github.com/kpitt/sudoku2/internal/solver/board.go:383.26,384.25 1 0
github.com/kpitt/sudoku2/internal/solver/board.go:384.25,386.5 1 0
github.com/kpitt/sudoku2/internal/solver/board.go:387.4,387.20 1 0
github.com/kpitt/sudoku2/internal/solver/board.go:387.20,389.5 1 0
github.com/kpitt/sudoku2/internal/solver/board.go:389.10,391.5 1 0
github.com/kpitt/sudoku2/internal/solver/board.go:393.3,393.14 1 0
github.com/kpitt/sudoku2/internal/solver/board.go:395.2,395.12 1 0
